app/build/outputs/mapping/qa/mapping.txt
# compiler: R8
# compiler_version: 1.5.68
# min_api: 14
# pg_map_id: 6b8a83f
com.chetan.assignments.App -> com.chetan.assignments.App:
    1:1:com.chetan.assignments.di.AppComponent com.chetan.assignments.di.DaggerAppComponent$Factory.create(android.app.Application):0:0 -> a
    1:1:dagger.android.AndroidInjector applicationInjector():0 -> a
com.chetan.assignments.di.AppComponent -> b.b.a.a.a:
com.chetan.assignments.di.DaggerAppComponent -> b.b.a.a.b:
    1:1:void <init>(android.app.Application,com.chetan.assignments.di.DaggerAppComponent$1):0:0 -> <init>
    1:1:void <init>(android.app.Application,com.chetan.assignments.di.DaggerAppComponent$1):0 -> <init>
    1:1:dagger.android.DispatchingAndroidInjector getDispatchingAndroidInjectorOfObject():0:0 -> a
    1:1:com.chetan.assignments.App injectApp(com.chetan.assignments.App):0 -> a
    1:1:void inject(com.chetan.assignments.App):0 -> a
    1:1:void inject(java.lang.Object):0 -> a
    2:2:dagger.android.DispatchingAndroidInjector dagger.android.DispatchingAndroidInjector_Factory.newInstance(java.util.Map,java.util.Map):0:0 -> a
    2:2:dagger.android.DispatchingAndroidInjector getDispatchingAndroidInjectorOfObject():0 -> a
    2:2:com.chetan.assignments.App injectApp(com.chetan.assignments.App):0 -> a
    2:2:void inject(com.chetan.assignments.App):0 -> a
    2:2:void inject(java.lang.Object):0 -> a
    3:3:void dagger.android.DaggerApplication_MembersInjector.injectAndroidInjector(dagger.android.DaggerApplication,dagger.android.DispatchingAndroidInjector):0:0 -> a
    3:3:com.chetan.assignments.App injectApp(com.chetan.assignments.App):0 -> a
    3:3:void inject(com.chetan.assignments.App):0 -> a
    3:3:void inject(java.lang.Object):0 -> a
...
androidx.navigation.R$styleable -> a.m.t:
androidx.navigation.common.R$styleable -> a.m.u.a:
androidx.navigation.fragment.DialogFragmentNavigator -> androidx.navigation.fragment.DialogFragmentNavigator:
    android.content.Context mContext -> a
    androidx.fragment.app.FragmentManager mFragmentManager -> b
    androidx.lifecycle.LifecycleEventObserver mObserver -> d
    int mDialogCount -> c
    1:1:androidx.navigation.fragment.DialogFragmentNavigator$Destination createDestination():0:0 -> a
    1:1:androidx.navigation.NavDestination createDestination():0 -> a
    2:2:androidx.navigation.NavDestination navigate(androidx.navigation.fragment.DialogFragmentNavigator$Destination,android.os.Bundle,androidx.navigation.NavOptions,androidx.navigation.Navigator$Extras):0:0 -> a
    2:2:androidx.navigation.NavDestination navigate(androidx.navigation.NavDestination,android.os.Bundle,androidx.navigation.NavOptions,androidx.navigation.Navigator$Extras):0 -> a
    3:3:androidx.lifecycle.Lifecycle androidx.fragment.app.Fragment.getLifecycle():0:0 -> a
    3:3:androidx.navigation.NavDestination navigate(androidx.navigation.fragment.DialogFragmentNavigator$Destination,android.os.Bundle,androidx.navigation.NavOptions,androidx.navigation.Navigator$Extras):0 -> a
    3:3:androidx.navigation.NavDestination navigate(androidx.navigation.NavDestination,android.os.Bundle,androidx.navigation.NavOptions,androidx.navigation.Navigator$Extras):0 -> a
androidx.navigation.fragment.DialogFragmentNavigator$1 -> androidx.navigation.fragment.DialogFragmentNavigator$1:
    1:1:android.app.Dialog androidx.fragment.app.DialogFragment.getDialog():0:0 -> a
    1:1:android.app.Dialog androidx.fragment.app.DialogFragment.requireDialog():0 -> a
    1:1:void onStateChanged(androidx.lifecycle.LifecycleOwner,androidx.lifecycle.Lifecycle$Event):0 -> a
    2:2:void onStateChanged(androidx.lifecycle.LifecycleOwner,androidx.lifecycle.Lifecycle$Event):0:0 -> a
    3:3:android.app.Dialog androidx.fragment.app.DialogFragment.requireDialog():0:0 -> a
    3:3:void onStateChanged(androidx.lifecycle.LifecycleOwner,androidx.lifecycle.Lifecycle$Event):0 -> a
androidx.navigation.fragment.DialogFragmentNavigator$Destination -> androidx.navigation.fragment.DialogFragmentNavigator$a:
    java.lang.String mClassName -> k
    1:1:androidx.navigation.fragment.DialogFragmentNavigator$Destination setClassName(java.lang.String):0:0 -> a
    1:1:void onInflate(android.content.Context,android.util.AttributeSet):0 -> a
    2:2:void onInflate(android.content.Context,android.util.AttributeSet):0:0 -> a
    java.lang.String getClassName() -> c
androidx.navigation.fragment.FragmentNavigator -> a.m.v.a:
    android.content.Context mContext -> a
    androidx.fragment.app.FragmentManager mFragmentManager -> b
    java.util.ArrayDeque mBackStack -> d
    int mContainerId -> c
    1:1:androidx.navigation.fragment.FragmentNavigator$Destination createDestination():0:0 -> a
    1:1:androidx.navigation.NavDestination createDestination():0 -> a
    java.lang.String generateBackStackName(int,int) -> a
    2:2:androidx.navigation.NavDestination navigate(androidx.navigation.fragment.FragmentNavigator$Destination,android.os.Bundle,androidx.navigation.NavOptions,androidx.navigation.Navigator$Extras):0:0 -> a
    2:2:androidx.navigation.NavDestination navigate(androidx.navigation.NavDestination,android.os.Bundle,androidx.navigation.NavOptions,androidx.navigation.Navigator$Extras):0 -> a
    3:3:java.lang.String androidx.navigation.fragment.FragmentNavigator$Destination.getClassName():0:0 -> a
    3:3:androidx.navigation.NavDestination navigate(androidx.navigation.fragment.FragmentNavigator$Destination,android.os.Bundle,androidx.navigation.NavOptions,androidx.navigation.Navigator$Extras):0 -> a
    3:3:androidx.navigation.NavDestination navigate(androidx.navigation.NavDestination,android.os.Bundle,androidx.navigation.NavOptions,androidx.navigation.Navigator$Extras):0 -> a